WORKER: node005:   Finished constructing Worker
WORKER: node005:   Start()
WORKER: node005:  node005-0, connecting to CONTROLLER REQ
WORKER: node005:  node005-0, connected to CONTROLLER REQ
WORKER: node005:  node005-0, connecting to CONTROLLER PUSH
WORKER: node005:  node005-0, connected to CONTROLLER PUSH
WORKER: node005:  node005-0, requesting seq from controller
WORKER: node005:  node005-0, waiting for REP seq from controller
WORKER: node005:  node005-0, received REP seq from controller
WORKER: node005:  node005-0:2:3: 0.406141 seconds
WORKER: node005:  UUID:3 Task:pwd ; sleep 4
WORKER: Completed task: UUID: 3
WORKER: sending 'done' message
WORKER: sent 'done' message
WORKER: node005:  node005-0, requesting seq from controller
WORKER: node005:  node005-0, waiting for REP seq from controller
WORKER: node005:  node005-0, received REP seq from controller
WORKER: node005:  node005-0: Received WAIT from CONTROLLER: 6 seconds
WORKER: node005:  node005-0, requesting seq from controller
WORKER: node005:  node005-0, waiting for REP seq from controller
WORKER: node005:  node005-0, received REP seq from controller
WORKER: node005:  node005-0: Received WAIT from CONTROLLER: 1 seconds
WORKER: node005:  node005-0, requesting seq from controller
WORKER: node005:  node005-0, waiting for REP seq from controller
WORKER: node005:  node005-0, received REP seq from controller
WORKER: node005:  node005-0: Received WAIT from CONTROLLER: 10 seconds
WORKER: node005:  node005-0, requesting seq from controller
WORKER: node005:  node005-0, waiting for REP seq from controller
WORKER: node005:  node005-0, received REP seq from controller
WORKER: node005:  node005-0:2:5: 0.591806 seconds
WORKER: node005:  UUID:5 Task:ls -alFs ; sleep 6
WORKER: Completed task: UUID: 5
WORKER: sending 'done' message
WORKER: sent 'done' message
WORKER: node005:  node005-0, requesting seq from controller
WORKER: node005:  node005-0, waiting for REP seq from controller
WORKER: node005:  node005-0, received REP seq from controller
WORKER: node005:  node005-0: Received WAIT from CONTROLLER: 0 seconds
WORKER: node005:  node005-0, requesting seq from controller
WORKER: node005:  node005-0, waiting for REP seq from controller
WORKER: node005:  node005-0, received REP seq from controller
WORKER: node005:  node005-0: Received WAIT from CONTROLLER: 5 seconds
WORKER: node005:  node005-0, requesting seq from controller
WORKER: node005:  node005-0, waiting for REP seq from controller
WORKER: node005:  node005-0, received REP seq from controller
WORKER: node005:  node005-0: Received WAIT from CONTROLLER: 2 seconds
WORKER: node005:  node005-0, requesting seq from controller
WORKER: node005:  node005-0, waiting for REP seq from controller
WORKER: node005:  node005-0, received REP seq from controller
WORKER: node005:  node005-0: Received WAIT from CONTROLLER: 14 seconds
WORKER: node005:  node005-0, requesting seq from controller
WORKER: node005:  node005-0, waiting for REP seq from controller
WORKER: node005:  node005-0, received REP seq from controller
WORKER: node005:  node005-0:2:9: 0.618779 seconds
WORKER: node005:  UUID:9 Task:ls ; sleep 2
WORKER: Completed task: UUID: 9
WORKER: sending 'done' message
WORKER: sent 'done' message
WORKER: node005:  node005-0, requesting seq from controller
WORKER: node005:  node005-0, waiting for REP seq from controller
WORKER: node005:  node005-0, received REP seq from controller
WORKER: node005:  node005-0: Received WAIT from CONTROLLER: 12 seconds
WORKER: node005:  node005-0, requesting seq from controller
WORKER: node005:  node005-0, waiting for REP seq from controller
WORKER: node005:  node005-0, received REP seq from controller
WORKER: node005:  node005-0: Received WAIT from CONTROLLER: 2 seconds
WORKER: node005:  node005-0, requesting seq from controller
WORKER: node005:  node005-0, waiting for REP seq from controller
WORKER: node005:  node005-0, received REP seq from controller
WORKER: node005:  node005-0:2:12: 0.634397 seconds
WORKER: node005:  UUID:12 Task:date ; sleep 5
WORKER: Completed task: UUID: 12
WORKER: sending 'done' message
WORKER: sent 'done' message
WORKER: node005:  node005-0, requesting seq from controller
WORKER: node005:  node005-0, waiting for REP seq from controller
WORKER: node005:  node005-0, received REP seq from controller
WORKER: node005:  node005-0: Received WAIT from CONTROLLER: 1 seconds
WORKER: node005:  node005-0, requesting seq from controller
WORKER: node005:  node005-0, waiting for REP seq from controller
WORKER: node005:  node005-0, received REP seq from controller
WORKER: node005:  node005-0: Received WAIT from CONTROLLER: 4 seconds
WORKER: node005:  node005-0, requesting seq from controller
WORKER: node005:  node005-0, waiting for REP seq from controller
WORKER: node005:  node005-0, received REP seq from controller
WORKER: node005:  node005-0: Received WAIT from CONTROLLER: 5 seconds
WORKER: node005:  node005-0, requesting seq from controller
WORKER: node005:  node005-0, waiting for REP seq from controller
WORKER: node005:  node005-0, received REP seq from controller
WORKER: node005:  node005-0:2:14: 0.82098 seconds
WORKER: node005:  UUID:14 Task:ls ; sleep 7
WORKER: Completed task: UUID: 14
WORKER: sending 'done' message
WORKER: sent 'done' message
WORKER: node005:  node005-0, requesting seq from controller
WORKER: node005:  node005-0, waiting for REP seq from controller
WORKER: node005:  node005-0, received REP seq from controller
WORKER: node005:  node005-0: Received WAIT from CONTROLLER: 11 seconds
WORKER: node005:  node005-0, requesting seq from controller
WORKER: node005:  node005-0, waiting for REP seq from controller
WORKER: node005:  node005-0, received REP seq from controller
WORKER: node005:  node005-0:2:17: 0.830524 seconds
WORKER: node005:  UUID:17 Task:date ; sleep 3
WORKER: Completed task: UUID: 17
WORKER: sending 'done' message
WORKER: sent 'done' message
WORKER: node005:  node005-0, requesting seq from controller
WORKER: node005:  node005-0, waiting for REP seq from controller
WORKER: node005:  node005-0, received REP seq from controller
WORKER: node005:  node005-0: Received WAIT from CONTROLLER: 4 seconds
WORKER: node005:  node005-0, requesting seq from controller
WORKER: node005:  node005-0, waiting for REP seq from controller
WORKER: node005:  node005-0, received REP seq from controller
WORKER: node005:  node005-0: Received WAIT from CONTROLLER: 14 seconds
WORKER: node005:  node005-0, requesting seq from controller
WORKER: node005:  node005-0, waiting for REP seq from controller
WORKER: node005:  node005-0, received REP seq from controller
WORKER: node005:  node005-0:2:20: 0.846135 seconds
WORKER: node005:  UUID:20 Task:ls -alFs ; sleep 6
WORKER: Completed task: UUID: 20
WORKER: sending 'done' message
WORKER: sent 'done' message
WORKER: node005:  node005-0, requesting seq from controller
WORKER: node005:  node005-0, waiting for REP seq from controller
WORKER: node005:  node005-0, received REP seq from controller
WORKER: node005:  node005-0: Received WAIT from CONTROLLER: 10 seconds
WORKER: node005:  node005-0, requesting seq from controller
WORKER: node005:  node005-0, waiting for REP seq from controller
WORKER: node005:  node005-0, received REP seq from controller
WORKER: node005:  node005-0:2:22: 0.862522 seconds
WORKER: node005:  UUID:22 Task:date ; sleep 8
WORKER: Completed task: UUID: 22
WORKER: sending 'done' message
WORKER: sent 'done' message
WORKER: node005:  node005-0, requesting seq from controller
WORKER: node005:  node005-0, waiting for REP seq from controller
WORKER: node005:  node005-0, received REP seq from controller
WORKER: node005:  node005-0: Received WAIT from CONTROLLER: 12 seconds
WORKER: node005:  node005-0, requesting seq from controller
WORKER: node005:  node005-0, waiting for REP seq from controller
WORKER: node005:  node005-0, received REP seq from controller
WORKER: node005:  node005-0:2:25: 0.87436 seconds
WORKER: node005:  UUID:25 Task:ls -alFs ; sleep 3
WORKER: Completed task: UUID: 25
WORKER: sending 'done' message
WORKER: sent 'done' message
WORKER: node005:  node005-0, requesting seq from controller
WORKER: node005:  node005-0, waiting for REP seq from controller
WORKER: node005:  node005-0, received REP seq from controller
WORKER: node005:  node005-0: Received WAIT from CONTROLLER: 2 seconds
WORKER: node005:  node005-0, requesting seq from controller
WORKER: node005:  node005-0, waiting for REP seq from controller
WORKER: node005:  node005-0, received REP seq from controller
WORKER: node005:  node005-0: Received WAIT from CONTROLLER: 12 seconds
WORKER: node005:  node005-0, requesting seq from controller
WORKER: node005:  node005-0, waiting for REP seq from controller
WORKER: node005:  node005-0, received REP seq from controller
WORKER: node005:  node005-0:2:28: 0.891682 seconds
WORKER: node005:  UUID:28 Task:pwd ; sleep 6
WORKER: Completed task: UUID: 28
WORKER: sending 'done' message
WORKER: sent 'done' message
WORKER: node005:  node005-0, requesting seq from controller
WORKER: node005:  node005-0, waiting for REP seq from controller
WORKER: node005:  node005-0, received REP seq from controller
WORKER: node005:  node005-0: Received WAIT from CONTROLLER: 6 seconds
WORKER: node005:  node005-0, requesting seq from controller
WORKER: node005:  node005-0, waiting for REP seq from controller
WORKER: node005:  node005-0, received REP seq from controller
WORKER: node005:  node005-0: Received WAIT from CONTROLLER: 10 seconds
WORKER: node005:  node005-0, requesting seq from controller
WORKER: node005:  node005-0, waiting for REP seq from controller
WORKER: node005:  node005-0, received REP seq from controller
WORKER: node005:  node005-0:2:31: 0.907077 seconds
WORKER: node005:  UUID:31 Task:echo "*******hello!**********" ; sleep 9
WORKER: Completed task: UUID: 31
WORKER: sending 'done' message
WORKER: sent 'done' message
WORKER: node005:  node005-0, requesting seq from controller
WORKER: node005:  node005-0, waiting for REP seq from controller
WORKER: node005:  node005-0, received REP seq from controller
WORKER: node005:  node005-0: Received WAIT from CONTROLLER: 2 seconds
WORKER: node005:  node005-0, requesting seq from controller
WORKER: node005:  node005-0, waiting for REP seq from controller
WORKER: node005:  node005-0, received REP seq from controller
WORKER: node005:  node005-0: Received WAIT from CONTROLLER: 12 seconds
WORKER: node005:  node005-0, requesting seq from controller
WORKER: node005:  node005-0, waiting for REP seq from controller
WORKER: node005:  node005-0, received REP seq from controller
WORKER: node005:  node005-0:2:34: 0.920142 seconds
WORKER: node005:  UUID:34 Task:ls ; sleep 4
WORKER: Completed task: UUID: 34
WORKER: sending 'done' message
WORKER: sent 'done' message
WORKER: node005:  node005-0, requesting seq from controller
WORKER: node005:  node005-0, waiting for REP seq from controller
WORKER: node005:  node005-0, received REP seq from controller
WORKER: node005:  node005-0: Received WAIT from CONTROLLER: 10 seconds
WORKER: node005:  node005-0, requesting seq from controller
WORKER: node005:  node005-0, waiting for REP seq from controller
WORKER: node005:  node005-0, received REP seq from controller
WORKER: node005:  node005-0: Received WAIT from CONTROLLER: 6 seconds
WORKER: node005:  node005-0, requesting seq from controller
WORKER: node005:  node005-0, waiting for REP seq from controller
WORKER: node005:  node005-0, received REP seq from controller
WORKER: node005:  node005-0:2:37: 0.936504 seconds
WORKER: node005:  UUID:37 Task:date ; sleep 7
WORKER: Completed task: UUID: 37
WORKER: sending 'done' message
WORKER: sent 'done' message
WORKER: node005:  node005-0, requesting seq from controller
WORKER: node005:  node005-0, waiting for REP seq from controller
WORKER: node005:  node005-0, received REP seq from controller
WORKER: node005:  node005-0: Received WAIT from CONTROLLER: 5 seconds
WORKER: node005:  node005-0, requesting seq from controller
WORKER: node005:  node005-0, waiting for REP seq from controller
WORKER: node005:  node005-0, received REP seq from controller
WORKER: node005:  node005-0: Received WAIT from CONTROLLER: 8 seconds
WORKER: node005:  node005-0, requesting seq from controller
WORKER: node005:  node005-0, waiting for REP seq from controller
WORKER: node005:  node005-0, received REP seq from controller
WORKER: node005:  node005-0: Received WAIT from CONTROLLER: 9 seconds
WORKER: node005:  node005-0, requesting seq from controller
WORKER: node005:  node005-0, waiting for REP seq from controller
WORKER: node005:  node005-0, received REP seq from controller
WORKER: node005:  node005-0: Received KILL from CONTROLLER
