CONTROLLER: node004: trying to build 1 workers
CONTROLLER: node004: trying to build worker 0
CONTROLLER: node004: trying to start thread 0
CONTROLLER: node004: started thread 0
CONTROLLER: node004:  done building workers
CONTROLLER: node004: Start()
CONTROLLER: node004: connecting to DEALER using tcp
CONTROLLER:node004-8795:node004, connecting to DEALER REQ:node003:
CONTROLLER:node004-8795:node004, connected to DEALER REQ:node003:
CONTROLLER:node004-8795:node004, connecting to DEALER PUSH:node003:
CONTROLLER:node004-8795:node004, connected to DEALER PUSH:node003:
CONTROLLER:node004, binding to PULL:node003:
CONTROLLER:node004, bound to PULL:node003:
CONTROLLER:node004, binding to REPLY:node003:
CONTROLLER:node004, bound to REPLY:node003:
CONTROLLER:node004 waiting for worker socket
CONTROLLER:node004 processing worker socket
CONTROLLER: node004: got a REQUEST
CONTROLLER: node004: got a REQUEST from:node004:node004-0 active?: 1
CONTROLLER: node004: node004-8795, requesting seq from dealer
CONTROLLER: node004: node004-8795, waiting for REP seq from dealer
CONTROLLER: node004: node004-8795, received REP seq from dealer
CONTROLLER: node004: sending a message
CONTROLLER:node004 waiting for worker socket
CONTROLLER:node004 processing worker socket
CONTROLLER: node004: got a PUSH from:node004:node004-0 uuid:2
CONTROLLER:node004 waiting for worker socket
CONTROLLER:node004 processing worker socket
CONTROLLER: node004: got a REQUEST
CONTROLLER: node004: got a REQUEST from:node004:node004-0 active?: 1
CONTROLLER: node004: WARNING: node004 not ok to launch: (task wait not elapsed - 3.18864 >= 15)
CONTROLLER: node004: node004-8795, requesting seq from dealer
CONTROLLER: node004: node004-8795, waiting for REP seq from dealer
CONTROLLER: node004: node004-8795, received REP seq from dealer
CONTROLLER: node004: sending a message
CONTROLLER:node004 waiting for worker socket
CONTROLLER:node004 processing worker socket
CONTROLLER: node004: got a REQUEST
CONTROLLER: node004: got a REQUEST from:node004:node004-0 active?: 1
CONTROLLER: node004: WARNING: node004 not ok to launch: (task wait not elapsed - 6.19013 >= 15)
CONTROLLER: node004: node004-8795, requesting seq from dealer
CONTROLLER: node004: node004-8795, waiting for REP seq from dealer
CONTROLLER: node004: node004-8795, received REP seq from dealer
CONTROLLER: node004: sending a message
CONTROLLER:node004 waiting for worker socket
CONTROLLER:node004 processing worker socket
CONTROLLER: node004: got a REQUEST
CONTROLLER: node004: got a REQUEST from:node004:node004-0 active?: 1
CONTROLLER: node004: WARNING: node004 not ok to launch: (task wait not elapsed - 7.19223 >= 15)
CONTROLLER: node004: node004-8795, requesting seq from dealer
CONTROLLER: node004: node004-8795, waiting for REP seq from dealer
CONTROLLER: node004: node004-8795, received REP seq from dealer
CONTROLLER: node004: sending a message
CONTROLLER:node004 waiting for worker socket
CONTROLLER:node004 processing worker socket
CONTROLLER: node004: got a REQUEST
CONTROLLER: node004: got a REQUEST from:node004:node004-0 active?: 1
CONTROLLER: node004: node004-8795, requesting seq from dealer
CONTROLLER: node004: node004-8795, waiting for REP seq from dealer
CONTROLLER: node004: node004-8795, received REP seq from dealer
CONTROLLER: node004: sending a message
CONTROLLER:node004 waiting for worker socket
CONTROLLER:node004 processing worker socket
CONTROLLER: node004: got a PUSH from:node004:node004-0 uuid:4
CONTROLLER:node004 waiting for worker socket
CONTROLLER:node004 processing worker socket
CONTROLLER: node004: got a REQUEST
CONTROLLER: node004: got a REQUEST from:node004:node004-0 active?: 1
CONTROLLER: node004: WARNING: node004 not ok to launch: (task wait not elapsed - 5.19681 >= 15)
CONTROLLER: node004: node004-8795, requesting seq from dealer
CONTROLLER: node004: node004-8795, waiting for REP seq from dealer
CONTROLLER: node004: node004-8795, received REP seq from dealer
CONTROLLER: node004: sending a message
CONTROLLER:node004 waiting for worker socket
CONTROLLER:node004 processing worker socket
CONTROLLER: node004: got a REQUEST
CONTROLLER: node004: got a REQUEST from:node004:node004-0 active?: 1
CONTROLLER: node004: WARNING: node004 not ok to launch: (task wait not elapsed - 6.19821 >= 15)
CONTROLLER: node004: node004-8795, requesting seq from dealer
CONTROLLER: node004: node004-8795, waiting for REP seq from dealer
CONTROLLER: node004: node004-8795, received REP seq from dealer
CONTROLLER: node004: sending a message
CONTROLLER:node004 waiting for worker socket
CONTROLLER:node004 processing worker socket
CONTROLLER: node004: got a REQUEST
CONTROLLER: node004: got a REQUEST from:node004:node004-0 active?: 1
CONTROLLER: node004: node004-8795, requesting seq from dealer
CONTROLLER: node004: node004-8795, waiting for REP seq from dealer
CONTROLLER: node004: node004-8795, received REP seq from dealer
CONTROLLER: node004: sending a message
CONTROLLER:node004 waiting for worker socket
CONTROLLER:node004 processing worker socket
CONTROLLER: node004: got a PUSH from:node004:node004-0 uuid:7
CONTROLLER:node004 waiting for worker socket
CONTROLLER:node004 processing worker socket
CONTROLLER: node004: got a REQUEST
CONTROLLER: node004: got a REQUEST from:node004:node004-0 active?: 1
CONTROLLER: node004: WARNING: node004 not ok to launch: (task wait not elapsed - 8.01032 >= 15)
CONTROLLER: node004: node004-8795, requesting seq from dealer
CONTROLLER: node004: node004-8795, waiting for REP seq from dealer
CONTROLLER: node004: node004-8795, received REP seq from dealer
CONTROLLER: node004: sending a message
CONTROLLER:node004 waiting for worker socket
CONTROLLER:node004 processing worker socket
CONTROLLER: node004: got a REQUEST
CONTROLLER: node004: got a REQUEST from:node004:node004-0 active?: 1
CONTROLLER: node004: node004-8795, requesting seq from dealer
CONTROLLER: node004: node004-8795, waiting for REP seq from dealer
CONTROLLER: node004: node004-8795, received REP seq from dealer
CONTROLLER: node004: sending a message
CONTROLLER:node004 waiting for worker socket
CONTROLLER:node004 processing worker socket
CONTROLLER: node004: got a PUSH from:node004:node004-0 uuid:10
CONTROLLER:node004 waiting for worker socket
CONTROLLER:node004 processing worker socket
CONTROLLER: node004: got a REQUEST
CONTROLLER: node004: got a REQUEST from:node004:node004-0 active?: 1
CONTROLLER: node004: WARNING: node004 not ok to launch: (task wait not elapsed - 3.022 >= 15)
CONTROLLER: node004: node004-8795, requesting seq from dealer
CONTROLLER: node004: node004-8795, waiting for REP seq from dealer
CONTROLLER: node004: node004-8795, received REP seq from dealer
CONTROLLER: node004: sending a message
CONTROLLER:node004 waiting for worker socket
CONTROLLER:node004 processing worker socket
CONTROLLER: node004: got a REQUEST
CONTROLLER: node004: got a REQUEST from:node004:node004-0 active?: 1
CONTROLLER: node004: WARNING: node004 not ok to launch: (task wait not elapsed - 12.0234 >= 15)
CONTROLLER: node004: node004-8795, requesting seq from dealer
CONTROLLER: node004: node004-8795, waiting for REP seq from dealer
CONTROLLER: node004: node004-8795, received REP seq from dealer
CONTROLLER: node004: sending a message
CONTROLLER:node004 waiting for worker socket
CONTROLLER:node004 processing worker socket
CONTROLLER: node004: got a REQUEST
CONTROLLER: node004: got a REQUEST from:node004:node004-0 active?: 1
CONTROLLER: node004: node004-8795, requesting seq from dealer
CONTROLLER: node004: node004-8795, waiting for REP seq from dealer
CONTROLLER: node004: node004-8795, received REP seq from dealer
CONTROLLER: node004: sending a message
CONTROLLER:node004 waiting for worker socket
CONTROLLER:node004 processing worker socket
CONTROLLER: node004: got a PUSH from:node004:node004-0 uuid:13
CONTROLLER:node004 waiting for worker socket
CONTROLLER:node004 processing worker socket
CONTROLLER: node004: got a REQUEST
CONTROLLER: node004: got a REQUEST from:node004:node004-0 active?: 1
CONTROLLER: node004: WARNING: node004 not ok to launch: (task wait not elapsed - 6.00979 >= 15)
CONTROLLER: node004: node004-8795, requesting seq from dealer
CONTROLLER: node004: node004-8795, waiting for REP seq from dealer
CONTROLLER: node004: node004-8795, received REP seq from dealer
CONTROLLER: node004: sending a message
CONTROLLER:node004 waiting for worker socket
CONTROLLER:node004 processing worker socket
CONTROLLER: node004: got a REQUEST
CONTROLLER: node004: got a REQUEST from:node004:node004-0 active?: 1
CONTROLLER: node004: node004-8795, requesting seq from dealer
CONTROLLER: node004: node004-8795, waiting for REP seq from dealer
CONTROLLER: node004: node004-8795, received REP seq from dealer
CONTROLLER: node004: sending a message
CONTROLLER:node004 waiting for worker socket
CONTROLLER:node004 processing worker socket
CONTROLLER: node004: got a PUSH from:node004:node004-0 uuid:16
CONTROLLER:node004 waiting for worker socket
CONTROLLER:node004 processing worker socket
CONTROLLER: node004: got a REQUEST
CONTROLLER: node004: got a REQUEST from:node004:node004-0 active?: 1
CONTROLLER: node004: WARNING: node004 not ok to launch: (task wait not elapsed - 9.0113 >= 15)
CONTROLLER: node004: node004-8795, requesting seq from dealer
CONTROLLER: node004: node004-8795, waiting for REP seq from dealer
CONTROLLER: node004: node004-8795, received REP seq from dealer
CONTROLLER: node004: sending a message
CONTROLLER:node004 waiting for worker socket
CONTROLLER:node004 processing worker socket
CONTROLLER: node004: got a REQUEST
CONTROLLER: node004: got a REQUEST from:node004:node004-0 active?: 1
CONTROLLER: node004: WARNING: node004 not ok to launch: (task wait not elapsed - 9.01246 >= 15)
CONTROLLER: node004: node004-8795, requesting seq from dealer
CONTROLLER: node004: node004-8795, waiting for REP seq from dealer
CONTROLLER: node004: node004-8795, received REP seq from dealer
CONTROLLER: node004: sending a message
CONTROLLER:node004 waiting for worker socket
CONTROLLER:node004 processing worker socket
CONTROLLER: node004: got a REQUEST
CONTROLLER: node004: got a REQUEST from:node004:node004-0 active?: 1
CONTROLLER: node004: node004-8795, requesting seq from dealer
CONTROLLER: node004: node004-8795, waiting for REP seq from dealer
CONTROLLER: node004: node004-8795, received REP seq from dealer
CONTROLLER: node004: sending a message
CONTROLLER:node004 waiting for worker socket
CONTROLLER:node004 processing worker socket
CONTROLLER: node004: got a PUSH from:node004:node004-0 uuid:19
CONTROLLER:node004 waiting for worker socket
CONTROLLER:node004 processing worker socket
CONTROLLER: node004: got a REQUEST
CONTROLLER: node004: got a REQUEST from:node004:node004-0 active?: 1
CONTROLLER: node004: WARNING: node004 not ok to launch: (task wait not elapsed - 5.01446 >= 15)
CONTROLLER: node004: node004-8795, requesting seq from dealer
CONTROLLER: node004: node004-8795, waiting for REP seq from dealer
CONTROLLER: node004: node004-8795, received REP seq from dealer
CONTROLLER: node004: sending a message
CONTROLLER:node004 waiting for worker socket
CONTROLLER:node004 processing worker socket
CONTROLLER: node004: got a REQUEST
CONTROLLER: node004: got a REQUEST from:node004:node004-0 active?: 1
CONTROLLER: node004: WARNING: node004 not ok to launch: (task wait not elapsed - 9.01586 >= 15)
CONTROLLER: node004: node004-8795, requesting seq from dealer
CONTROLLER: node004: node004-8795, waiting for REP seq from dealer
CONTROLLER: node004: node004-8795, received REP seq from dealer
CONTROLLER: node004: sending a message
CONTROLLER:node004 waiting for worker socket
CONTROLLER:node004 processing worker socket
CONTROLLER: node004: got a REQUEST
CONTROLLER: node004: got a REQUEST from:node004:node004-0 active?: 1
CONTROLLER: node004: node004-8795, requesting seq from dealer
CONTROLLER: node004: node004-8795, waiting for REP seq from dealer
CONTROLLER: node004: node004-8795, received REP seq from dealer
CONTROLLER: node004: sending a message
CONTROLLER:node004 waiting for worker socket
CONTROLLER:node004 processing worker socket
CONTROLLER: node004: got a PUSH from:node004:node004-0 uuid:23
CONTROLLER:node004 waiting for worker socket
CONTROLLER:node004 processing worker socket
CONTROLLER: node004: got a REQUEST
CONTROLLER: node004: got a REQUEST from:node004:node004-0 active?: 1
CONTROLLER: node004: WARNING: node004 not ok to launch: (task wait not elapsed - 9.00803 >= 15)
CONTROLLER: node004: node004-8795, requesting seq from dealer
CONTROLLER: node004: node004-8795, waiting for REP seq from dealer
CONTROLLER: node004: node004-8795, received REP seq from dealer
CONTROLLER: node004: sending a message
CONTROLLER:node004 waiting for worker socket
CONTROLLER:node004 processing worker socket
CONTROLLER: node004: got a REQUEST
CONTROLLER: node004: got a REQUEST from:node004:node004-0 active?: 1
CONTROLLER: node004: node004-8795, requesting seq from dealer
CONTROLLER: node004: node004-8795, waiting for REP seq from dealer
CONTROLLER: node004: node004-8795, received REP seq from dealer
CONTROLLER: node004: sending a message
CONTROLLER:node004 waiting for worker socket
CONTROLLER:node004 processing worker socket
CONTROLLER: node004: got a PUSH from:node004:node004-0 uuid:26
CONTROLLER:node004 waiting for worker socket
CONTROLLER:node004 processing worker socket
CONTROLLER: node004: got a REQUEST
CONTROLLER: node004: got a REQUEST from:node004:node004-0 active?: 1
CONTROLLER: node004: WARNING: node004 not ok to launch: (task wait not elapsed - 4.01129 >= 15)
CONTROLLER: node004: node004-8795, requesting seq from dealer
CONTROLLER: node004: node004-8795, waiting for REP seq from dealer
CONTROLLER: node004: node004-8795, received REP seq from dealer
CONTROLLER: node004: sending a message
CONTROLLER:node004 waiting for worker socket
CONTROLLER:node004 processing worker socket
CONTROLLER: node004: got a REQUEST
CONTROLLER: node004: got a REQUEST from:node004:node004-0 active?: 1
CONTROLLER: node004: WARNING: node004 not ok to launch: (task wait not elapsed - 14.0127 >= 15)
CONTROLLER: node004: node004-8795, requesting seq from dealer
CONTROLLER: node004: node004-8795, waiting for REP seq from dealer
CONTROLLER: node004: node004-8795, received REP seq from dealer
CONTROLLER: node004: sending a message
CONTROLLER:node004 waiting for worker socket
CONTROLLER:node004 processing worker socket
CONTROLLER: node004: got a REQUEST
CONTROLLER: node004: got a REQUEST from:node004:node004-0 active?: 1
CONTROLLER: node004: node004-8795, requesting seq from dealer
CONTROLLER: node004: node004-8795, waiting for REP seq from dealer
CONTROLLER: node004: node004-8795, received REP seq from dealer
CONTROLLER: node004: sending a message
CONTROLLER:node004 waiting for worker socket
CONTROLLER:node004 processing worker socket
CONTROLLER: node004: got a PUSH from:node004:node004-0 uuid:29
CONTROLLER:node004 waiting for worker socket
CONTROLLER:node004 processing worker socket
CONTROLLER: node004: got a REQUEST
CONTROLLER: node004: got a REQUEST from:node004:node004-0 active?: 1
CONTROLLER: node004: WARNING: node004 not ok to launch: (task wait not elapsed - 7.01277 >= 15)
CONTROLLER: node004: node004-8795, requesting seq from dealer
CONTROLLER: node004: node004-8795, waiting for REP seq from dealer
CONTROLLER: node004: node004-8795, received REP seq from dealer
CONTROLLER: node004: sending a message
CONTROLLER:node004 waiting for worker socket
CONTROLLER:node004 processing worker socket
CONTROLLER: node004: got a REQUEST
CONTROLLER: node004: got a REQUEST from:node004:node004-0 active?: 1
CONTROLLER: node004: WARNING: node004 not ok to launch: (task wait not elapsed - 12.0141 >= 15)
CONTROLLER: node004: node004-8795, requesting seq from dealer
CONTROLLER: node004: node004-8795, waiting for REP seq from dealer
CONTROLLER: node004: node004-8795, received REP seq from dealer
CONTROLLER: node004: sending a message
CONTROLLER:node004 waiting for worker socket
CONTROLLER:node004 processing worker socket
CONTROLLER: node004: got a REQUEST
CONTROLLER: node004: got a REQUEST from:node004:node004-0 active?: 1
CONTROLLER: node004: node004-8795, requesting seq from dealer
CONTROLLER: node004: node004-8795, waiting for REP seq from dealer
CONTROLLER: node004: node004-8795, received REP seq from dealer
CONTROLLER: node004: sending a message
CONTROLLER:node004 waiting for worker socket
CONTROLLER:node004 processing worker socket
CONTROLLER: node004: got a PUSH from:node004:node004-0 uuid:33
CONTROLLER:node004 waiting for worker socket
CONTROLLER:node004 processing worker socket
CONTROLLER: node004: got a REQUEST
CONTROLLER: node004: got a REQUEST from:node004:node004-0 active?: 1
CONTROLLER: node004: WARNING: node004 not ok to launch: (task wait not elapsed - 3.00831 >= 15)
CONTROLLER: node004: node004-8795, requesting seq from dealer
CONTROLLER: node004: node004-8795, waiting for REP seq from dealer
CONTROLLER: node004: node004-8795, received REP seq from dealer
CONTROLLER: node004: sending a message
CONTROLLER:node004 waiting for worker socket
CONTROLLER:node004 processing worker socket
CONTROLLER: node004: got a REQUEST
CONTROLLER: node004: got a REQUEST from:node004:node004-0 active?: 1
CONTROLLER: node004: WARNING: node004 not ok to launch: (task wait not elapsed - 5.00976 >= 15)
CONTROLLER: node004: node004-8795, requesting seq from dealer
CONTROLLER: node004: node004-8795, waiting for REP seq from dealer
CONTROLLER: node004: node004-8795, received REP seq from dealer
CONTROLLER: node004: sending a message
CONTROLLER:node004 waiting for worker socket
CONTROLLER:node004 processing worker socket
CONTROLLER: node004: got a REQUEST
CONTROLLER: node004: got a REQUEST from:node004:node004-0 active?: 1
CONTROLLER: node004: node004-8795, requesting seq from dealer
CONTROLLER: node004: node004-8795, waiting for REP seq from dealer
CONTROLLER: node004: node004-8795, received REP seq from dealer
CONTROLLER: node004: sending a message
CONTROLLER:node004 waiting for worker socket
CONTROLLER:node004 processing worker socket
CONTROLLER: node004: got a PUSH from:node004:node004-0 uuid:36
CONTROLLER:node004 waiting for worker socket
CONTROLLER:node004 processing worker socket
CONTROLLER: node004: got a REQUEST
CONTROLLER: node004: got a REQUEST from:node004:node004-0 active?: 1
CONTROLLER: node004: WARNING: node004 not ok to launch: (task wait not elapsed - 6.00904 >= 15)
CONTROLLER: node004: node004-8795, requesting seq from dealer
CONTROLLER: node004: node004-8795, waiting for REP seq from dealer
CONTROLLER: node004: node004-8795, received REP seq from dealer
CONTROLLER: node004: sending a message
CONTROLLER:node004 waiting for worker socket
CONTROLLER:node004 processing worker socket
CONTROLLER: node004: got a REQUEST
CONTROLLER: node004: got a REQUEST from:node004:node004-0 active?: 1
CONTROLLER: node004: WARNING: node004 not ok to launch: (task wait not elapsed - 12.0104 >= 15)
CONTROLLER: node004: node004-8795, requesting seq from dealer
CONTROLLER: node004: node004-8795, waiting for REP seq from dealer
CONTROLLER: node004: node004-8795, received REP seq from dealer
CONTROLLER: node004: sending a message
CONTROLLER:node004 waiting for worker socket
CONTROLLER:node004 processing worker socket
CONTROLLER: node004: got a REQUEST
CONTROLLER: node004: got a REQUEST from:node004:node004-0 active?: 1
CONTROLLER: node004: node004-8795, requesting seq from dealer
CONTROLLER: node004: node004-8795, waiting for REP seq from dealer
CONTROLLER: node004: node004-8795, received REP seq from dealer
CONTROLLER: node004: sending a message
CONTROLLER:node004 waiting for worker socket
CONTROLLER:node004 processing worker socket
CONTROLLER: node004: got a PUSH from:node004:node004-0 uuid:39
CONTROLLER:node004 waiting for worker socket
CONTROLLER:node004 processing worker socket
CONTROLLER: node004: got a REQUEST
CONTROLLER: node004: got a REQUEST from:node004:node004-0 active?: 1
CONTROLLER: node004: WARNING: node004 not ok to launch: (task wait not elapsed - 9.01347 >= 15)
CONTROLLER: node004: node004-8795, requesting seq from dealer
CONTROLLER: node004: node004-8795, waiting for REP seq from dealer
CONTROLLER: node004: node004-8795, received REP seq from dealer
CONTROLLER: node004: has now received 1 kills (need 1 to exit)
CONTROLLER: node004: sending a message
CONTROLLER: node004: received all kills (1)
CONTROLLER: node004: exiting
